<?xml version="1.0" encoding="UTF-8"?>
<!-- Generated by org.testng.reporters.JUnitReportReporter -->
<testsuite hostname="arjun" failures="0" tests="1" name="ui.DwaeeAdminIM" time="28.983" errors="0" timestamp="2024-06-13T15:55:34 IST" skipped="0">
  <testcase classname="ui.DwaeeAdminIM" name="Dwaee" time="28.983"/>
  <system-out/>
</testsuite> <!-- ui.DwaeeAdminIM -->
